<?xml version="1.0" encoding="UTF-8"?>
<!-- Generated by org.testng.reporters.JUnitXMLReporter -->
<testsuite ignored="0" hostname="FeuMT-070L-R" failures="1" tests="1" name="Surefire test" time="40.761" errors="0" timestamp="2026-09-04T10:32:27 IST">
  <testcase classname="tests.LoginTest" name="login" time="35.536">
    <failure type="org.openqa.selenium.ElementNotInteractableException" message="element not interactable
  (Session info: chrome=152.0.7977.65)
Build info: version: &amp;apos;4.35.0&amp;apos;, revision: &amp;apos;1c58e5028b&amp;apos;
System info: os.name: &amp;apos;Windows 11&amp;apos;, os.arch: &amp;apos;amd64&amp;apos;, os.version: &amp;apos;10.0&amp;apos;, java.version: &amp;apos;11.0.32&amp;apos;
Driver info: org.openqa.selenium.chrome.ChromeDriver
Command: [98262e44c9873b26370d3b67c79e9a95, sendKeysToElement {id=f.1400440DD718CC3532937046CAD0FE23.d.971C30F03E45C939C5CC864755666950.e.1501, value=[Ljava.lang.CharSequence;@ceb4bd2}]
Capabilities {acceptInsecureCerts: false, browserName: chrome, browserVersion: 152.0.7977.65, chrome: {chromedriverVersion: 152.0.7977.82 (d04cdb24d67b..., userDataDir: C:\Users\I-ROSH~1.NAG\AppDa...}, fedcm:accounts: true, goog:chromeOptions: {debuggerAddress: localhost:52434}, goog:processID: 13600, networkConnectionEnabled: false, pageLoadStrategy: normal, platformName: windows, proxy: Proxy(), se:cdp: ws://localhost:52434/devtoo..., se:cdpVersion: 152.0.7977.65, setWindowRect: true, strictFileInteractability: false, timeouts: {implicit: 0, pageLoad: 300000, script: 30000}, unhandledPromptBehavior: dismiss and notify, webauthn:extension:credBlob: true, webauthn:extension:largeBlob: true, webauthn:extension:minPinLength: true, webauthn:extension:prf: true, webauthn:virtualAuthenticators: true}
Element: [[ChromeDriver: chrome on windows (98262e44c9873b26370d3b67c79e9a95)] -&amp;gt; xpath: //div[@id=&amp;apos;stop-1_content&amp;apos;]//label[text()=&amp;apos;Location Name&amp;apos;]/following-sibling::*]
Session ID: 98262e44c9873b26370d3b67c79e9a95">
      <![CDATA[org.openqa.selenium.ElementNotInteractableException: element not interactable
  (Session info: chrome=152.0.7977.65)
Build info: version: '4.35.0', revision: '1c58e5028b'
System info: os.name: 'Windows 11', os.arch: 'amd64', os.version: '10.0', java.version: '11.0.32'
Driver info: org.openqa.selenium.chrome.ChromeDriver
Command: [98262e44c9873b26370d3b67c79e9a95, sendKeysToElement {id=f.1400440DD718CC3532937046CAD0FE23.d.971C30F03E45C939C5CC864755666950.e.1501, value=[Ljava.lang.CharSequence;@ceb4bd2}]
Capabilities {acceptInsecureCerts: false, browserName: chrome, browserVersion: 152.0.7977.65, chrome: {chromedriverVersion: 152.0.7977.82 (d04cdb24d67b..., userDataDir: C:\Users\I-ROSH~1.NAG\AppDa...}, fedcm:accounts: true, goog:chromeOptions: {debuggerAddress: localhost:52434}, goog:processID: 13600, networkConnectionEnabled: false, pageLoadStrategy: normal, platformName: windows, proxy: Proxy(), se:cdp: ws://localhost:52434/devtoo..., se:cdpVersion: 152.0.7977.65, setWindowRect: true, strictFileInteractability: false, timeouts: {implicit: 0, pageLoad: 300000, script: 30000}, unhandledPromptBehavior: dismiss and notify, webauthn:extension:credBlob: true, webauthn:extension:largeBlob: true, webauthn:extension:minPinLength: true, webauthn:extension:prf: true, webauthn:virtualAuthenticators: true}
Element: [[ChromeDriver: chrome on windows (98262e44c9873b26370d3b67c79e9a95)] -> xpath: //div[@id='stop-1_content']//label[text()='Location Name']/following-sibling::*]
Session ID: 98262e44c9873b26370d3b67c79e9a95
at org.openqa.selenium.remote.ErrorCodec.decode(ErrorCodec.java:167)
at org.openqa.selenium.remote.codec.w3c.W3CHttpResponseCodec.decode(W3CHttpResponseCodec.java:138)
at org.openqa.selenium.remote.codec.w3c.W3CHttpResponseCodec.decode(W3CHttpResponseCodec.java:50)
at org.openqa.selenium.remote.HttpCommandExecutor.execute(HttpCommandExecutor.java:215)
at org.openqa.selenium.remote.service.DriverCommandExecutor.invokeExecute(DriverCommandExecutor.java:216)
at org.openqa.selenium.remote.service.DriverCommandExecutor.execute(DriverCommandExecutor.java:174)
at org.openqa.selenium.remote.RemoteWebDriver.execute(RemoteWebDriver.java:557)
at org.openqa.selenium.remote.RemoteWebElement.execute(RemoteWebElement.java:223)
at org.openqa.selenium.remote.RemoteWebElement.sendKeys(RemoteWebElement.java:110)
at page.OrdersPage.createNewOrder(OrdersPage.java:129)
at tests.LoginTest.login(LoginTest.java:49)
at java.base/java.util.ArrayList.forEach(ArrayList.java:1541)
... Removed 36 stack frames]]>
    </failure>
  </testcase> <!-- login -->
</testsuite> <!-- Surefire test -->
