<?xml version="1.0" encoding="UTF-8"?>
<testsuite xmlns:xsi="http://www.w3.org/2001/XMLSchema-instance" xsi:noNamespaceSchemaLocation="https://maven.apache.org/surefire/maven-surefire-plugin/xsd/surefire-test-report.xsd" version="3.0.2" name="TestSuite" time="87.113" tests="1" errors="0" skipped="0" failures="0">
  <properties>
[...]
</properties>
  <testcase name="login[[15 MCDONALD SACRAMENTO, 1750 Enterprise Boulevard, Suite 100, Dock 2, West Sacramento, 95691, 6630, John Smith, john.smith@example.com, McDonald&apos;s, Internal note for stop 1, Carrier instruction for stop 1, Alaska, 15 MCDONALD SACRAMENTO, 1750 Enterprise Boulevard, Suite 100, Dock 2, West Sacramento, 95691, 6630, John Smith, john.smith@example.com, McDonald&apos;s, Internal note for stop 2, Carrier instruction for stop 2, California, Test Product, 122, 100, 10, 20, 15, Carton, 123456, 5, PROD-001, 20, 1000, 12345, Do not open, Happy Happy Happy, Inbound, Collect, Parcel, Dropdeck]](1)" classname="tests.OrderTest" time="69.827">
    <system-err><![CDATA[SLF4J(W): No SLF4J providers were found.
SLF4J(W): Defaulting to no-operation (NOP) logger implementation
SLF4J(W): See https://www.slf4j.org/codes.html#noProviders for further details.
Sep 10, 2026 10:28:32 PM org.openqa.selenium.devtools.CdpVersionFinder findNearestMatch
WARNING: Unable to find CDP implementation matching 152
Sep 10, 2026 10:28:32 PM org.openqa.selenium.chromium.ChromiumDriver lambda$new$4
WARNING: Unable to find version of CDP to use for 152.0.7977.83. You may need to include a dependency on a specific version of the CDP using something similar to `org.seleniumhq.selenium:selenium-devtools-v86:4.35.0` where the version ("v86") matches the version of the chromium-based browser you're using and the version number of the artifact is the same as Selenium's.
]]></system-err>
  </testcase>
</testsuite>