<?xml version="1.0" encoding="UTF-8"?>
<testng-results ignored="0" total="1" passed="1" failed="0" skipped="0">
  <reporter-output>
  </reporter-output>
  <suite started-at="2026-09-09T13:17:50 IST" name="Rygen Automation Suit" finished-at="2026-09-09T13:19:18 IST" duration-ms="87826">
    <groups>
    </groups>
    <test started-at="2026-09-09T13:17:50 IST" name="Order test" finished-at="2026-09-09T13:19:18 IST" duration-ms="87826">
      <class name="tests.OrderTest">
        <test-method is-config="true" signature="setup()[pri:0, instance:tests.OrderTest@5109e8cf]" started-at="2026-09-09T13:17:50 IST" name="setup" finished-at="2026-09-09T13:17:58 IST" duration-ms="7477" status="PASS">
          <reporter-output>
          </reporter-output>
        </test-method> <!-- setup -->
        <test-method is-config="true" signature="initializePages()[pri:0, instance:tests.OrderTest@5109e8cf]" started-at="2026-09-09T13:17:58 IST" name="initializePages" finished-at="2026-09-09T13:17:58 IST" duration-ms="111" status="PASS">
          <reporter-output>
          </reporter-output>
        </test-method> <!-- initializePages -->
        <test-method signature="login(java.util.List)[pri:0, instance:tests.OrderTest@5109e8cf]" started-at="2026-09-09T13:17:58 IST" name="login" data-provider="orderData" finished-at="2026-09-09T13:19:18 IST" duration-ms="79353" status="PASS">
          <params>
            <param index="0">
              <value>
                <![CDATA[[15 MCDONALD SACRAMENTO, 1750 Enterprise Boulevard, Suite 100, Dock 2, West Sacramento, 95691, 6630, John Smith, john.smith@example.com, McDonald's, 09/08/2026 08:00 am, Alaska, Internal note for stop 1, Carrier instruction for stop 1, 15 MCDONALD SACRAMENTO, 1750 Enterprise Boulevard, Suite 100, Dock 2, West Sacramento, 95691, 6630, John Smith, john.smith@example.com, McDonald's, 09/10/2026 08:00 am, California, Internal note for stop 2, Carrier instruction for stop 2, Test Product, 122, 100, 10, 20, 15, Carton, 123456, 5, PROD-001, 20, 1000, 12345, Do not open, Happy Happy Happy, Inbound, Collect, Parcel, Dropdeck]]]>
              </value>
            </param>
          </params>
          <reporter-output>
          </reporter-output>
        </test-method> <!-- login -->
        <test-method is-config="true" signature="tearDown(org.testng.ITestResult)[pri:0, instance:tests.OrderTest@5109e8cf]" started-at="2026-09-09T13:19:18 IST" name="tearDown" finished-at="2026-09-09T13:19:18 IST" duration-ms="412" status="PASS">
          <params>
            <param index="0">
              <value>
                <![CDATA[[TestResult name=login status=SUCCESS method=OrderTest.login(java.util.List)[pri:0, instance:tests.OrderTest@5109e8cf] output={null}]]]>
              </value>
            </param>
          </params>
          <reporter-output>
          </reporter-output>
        </test-method> <!-- tearDown -->
      </class> <!-- tests.OrderTest -->
    </test> <!-- Order test -->
  </suite> <!-- Rygen Automation Suit -->
</testng-results>
